# JRE version: Java(TM) SE Runtime Environment (8.0_102-b14) (build 1.8.0_102-b14)
# Java VM: Java HotSpot(TM) 64-Bit Server VM (25.102-b14 mixed mode windows-amd64 compressed oops)
Heap:
 PSYoungGen      total 178688K, used 115960K [0x00000000eab00000, 0x00000000f7800000, 0x0000000100000000)
  eden space 163840K, 61% used [0x00000000eab00000,0x00000000f0dc22c8,0x00000000f4b00000)
  from space 14848K, 99% used [0x00000000f5f80000,0x00000000f6dfbfd8,0x00000000f6e00000)
  to   space 20992K, 0% used [0x00000000f4b00000,0x00000000f4b00000,0x00000000f5f80000)
 ParOldGen       total 100864K, used 30566K [0x00000000c0000000, 0x00000000c6280000, 0x00000000eab00000)
  object space 100864K, 30% used [0x00000000c0000000,0x00000000c1dd9aa8,0x00000000c6280000)
 Metaspace       used 54209K, capacity 55240K, committed 55424K, reserved 1097728K
  class space    used 7425K, capacity 7721K, committed 7808K, reserved 1048576K
GC Heap History (10 events):
Event: 4.811 GC heap before
{Heap before GC invocations=8 (full 1):
 PSYoungGen      total 102912K, used 100547K [0x00000000eab00000, 0x00000000f1c80000, 0x0000000100000000)
  eden space 95744K, 100% used [0x00000000eab00000,0x00000000f0880000,0x00000000f0880000)
  from space 7168K, 67% used [0x00000000f1580000,0x00000000f1a30ea8,0x00000000f1c80000)
  to   space 10240K, 0% used [0x00000000f0880000,0x00000000f0880000,0x00000000f1280000)
 ParOldGen       total 67072K, used 13869K [0x00000000c0000000, 0x00000000c4180000, 0x00000000eab00000)
  object space 67072K, 20% used [0x00000000c0000000,0x00000000c0d8b740,0x00000000c4180000)
 Metaspace       used 33315K, capacity 33862K, committed 34048K, reserved 1079296K
  class space    used 4586K, capacity 4752K, committed 4864K, reserved 1048576K
Event: 4.825 GC heap after
Heap after GC invocations=8 (full 1):
 PSYoungGen      total 105984K, used 10225K [0x00000000eab00000, 0x00000000f4780000, 0x0000000100000000)
  eden space 95744K, 0% used [0x00000000eab00000,0x00000000eab00000,0x00000000f0880000)
  from space 10240K, 99% used [0x00000000f0880000,0x00000000f127c730,0x00000000f1280000)
  to   space 12800K, 0% used [0x00000000f3b00000,0x00000000f3b00000,0x00000000f4780000)
 ParOldGen       total 67072K, used 16314K [0x00000000c0000000, 0x00000000c4180000, 0x00000000eab00000)
  object space 67072K, 24% used [0x00000000c0000000,0x00000000c0fee9f0,0x00000000c4180000)
 Metaspace       used 33315K, capacity 33862K, committed 34048K, reserved 1079296K
  class space    used 4586K, capacity 4752K, committed 4864K, reserved 1048576K
}
Event: 5.079 GC heap before
{Heap before GC invocations=9 (full 1):
 PSYoungGen      total 105984K, used 42724K [0x00000000eab00000, 0x00000000f4780000, 0x0000000100000000)
  eden space 95744K, 33% used [0x00000000eab00000,0x00000000ecabc9b8,0x00000000f0880000)
  from space 10240K, 99% used [0x00000000f0880000,0x00000000f127c730,0x00000000f1280000)
  to   space 12800K, 0% used [0x00000000f3b00000,0x00000000f3b00000,0x00000000f4780000)
 ParOldGen       total 67072K, used 16314K [0x00000000c0000000, 0x00000000c4180000, 0x00000000eab00000)
  object space 67072K, 24% used [0x00000000c0000000,0x00000000c0fee9f0,0x00000000c4180000)
 Metaspace       used 34779K, capacity 35358K, committed 35456K, reserved 1079296K
  class space    used 4805K, capacity 4951K, committed 4992K, reserved 1048576K
Event: 5.094 GC heap after
Heap after GC invocations=9 (full 1):
 PSYoungGen      total 145920K, used 12170K [0x00000000eab00000, 0x00000000f5080000, 0x0000000100000000)
  eden space 133120K, 0% used [0x00000000eab00000,0x00000000eab00000,0x00000000f2d00000)
  from space 12800K, 95% used [0x00000000f3b00000,0x00000000f46e2b40,0x00000000f4780000)
  to   space 14336K, 0% used [0x00000000f2d00000,0x00000000f2d00000,0x00000000f3b00000)
 ParOldGen       total 67072K, used 16322K [0x00000000c0000000, 0x00000000c4180000, 0x00000000eab00000)
  object space 67072K, 24% used [0x00000000c0000000,0x00000000c0ff09f0,0x00000000c4180000)
 Metaspace       used 34779K, capacity 35358K, committed 35456K, reserved 1079296K
  class space    used 4805K, capacity 4951K, committed 4992K, reserved 1048576K
}
Event: 5.094 GC heap before
{Heap before GC invocations=10 (full 2):
 PSYoungGen      total 145920K, used 12170K [0x00000000eab00000, 0x00000000f5080000, 0x0000000100000000)
  eden space 133120K, 0% used [0x00000000eab00000,0x00000000eab00000,0x00000000f2d00000)
  from space 12800K, 95% used [0x00000000f3b00000,0x00000000f46e2b40,0x00000000f4780000)
  to   space 14336K, 0% used [0x00000000f2d00000,0x00000000f2d00000,0x00000000f3b00000)
 ParOldGen       total 67072K, used 16322K [0x00000000c0000000, 0x00000000c4180000, 0x00000000eab00000)
  object space 67072K, 24% used [0x00000000c0000000,0x00000000c0ff09f0,0x00000000c4180000)
 Metaspace       used 34779K, capacity 35358K, committed 35456K, reserved 1079296K
  class space    used 4805K, capacity 4951K, committed 4992K, reserved 1048576K
Event: 5.191 GC heap after
Heap after GC invocations=10 (full 2):
 PSYoungGen      total 145920K, used 0K [0x00000000eab00000, 0x00000000f5080000, 0x0000000100000000)
  eden space 133120K, 0% used [0x00000000eab00000,0x00000000eab00000,0x00000000f2d00000)
  from space 12800K, 0% used [0x00000000f3b00000,0x00000000f3b00000,0x00000000f4780000)
  to   space 14336K, 0% used [0x00000000f2d00000,0x00000000f2d00000,0x00000000f3b00000)
 ParOldGen       total 100864K, used 18883K [0x00000000c0000000, 0x00000000c6280000, 0x00000000eab00000)
  object space 100864K, 18% used [0x00000000c0000000,0x00000000c1270ed8,0x00000000c6280000)
 Metaspace       used 34779K, capacity 35358K, committed 35456K, reserved 1079296K
  class space    used 4805K, capacity 4951K, committed 4992K, reserved 1048576K
}
Event: 6.307 GC heap before
{Heap before GC invocations=11 (full 2):
 PSYoungGen      total 145920K, used 133120K [0x00000000eab00000, 0x00000000f5080000, 0x0000000100000000)
  eden space 133120K, 100% used [0x00000000eab00000,0x00000000f2d00000,0x00000000f2d00000)
  from space 12800K, 0% used [0x00000000f3b00000,0x00000000f3b00000,0x00000000f4780000)
  to   space 14336K, 0% used [0x00000000f2d00000,0x00000000f2d00000,0x00000000f3b00000)
 ParOldGen       total 100864K, used 18883K [0x00000000c0000000, 0x00000000c6280000, 0x00000000eab00000)
  object space 100864K, 18% used [0x00000000c0000000,0x00000000c1270ed8,0x00000000c6280000)
 Metaspace       used 41523K, capacity 42146K, committed 42240K, reserved 1085440K
  class space    used 5708K, capacity 5858K, committed 5888K, reserved 1048576K
Event: 6.334 GC heap after
Heap after GC invocations=11 (full 2):
 PSYoungGen      total 147456K, used 11336K [0x00000000eab00000, 0x00000000f6e00000, 0x0000000100000000)
  eden space 133120K, 0% used [0x00000000eab00000,0x00000000eab00000,0x00000000f2d00000)
  from space 14336K, 79% used [0x00000000f2d00000,0x00000000f38122a0,0x00000000f3b00000)
  to   space 14848K, 0% used [0x00000000f5f80000,0x00000000f5f80000,0x00000000f6e00000)
 ParOldGen       total 100864K, used 18955K [0x00000000c0000000, 0x00000000c6280000, 0x00000000eab00000)
  object space 100864K, 18% used [0x00000000c0000000,0x00000000c1282ee8,0x00000000c6280000)
 Metaspace       used 41523K, capacity 42146K, committed 42240K, reserved 1085440K
  class space    used 5708K, capacity 5858K, committed 5888K, reserved 1048576K
}
Event: 7.575 GC heap before
{Heap before GC invocations=12 (full 2):
 PSYoungGen      total 147456K, used 144456K [0x00000000eab00000, 0x00000000f6e00000, 0x0000000100000000)
  eden space 133120K, 100% used [0x00000000eab00000,0x00000000f2d00000,0x00000000f2d00000)
  from space 14336K, 79% used [0x00000000f2d00000,0x00000000f38122a0,0x00000000f3b00000)
  to   space 14848K, 0% used [0x00000000f5f80000,0x00000000f5f80000,0x00000000f6e00000)
 ParOldGen       total 100864K, used 18955K [0x00000000c0000000, 0x00000000c6280000, 0x00000000eab00000)
  object space 100864K, 18% used [0x00000000c0000000,0x00000000c1282ee8,0x00000000c6280000)
 Metaspace       used 47768K, capacity 48632K, committed 48896K, reserved 1091584K
  class space    used 6602K, capacity 6871K, committed 6912K, reserved 1048576K
Event: 7.601 GC heap after
Heap after GC invocations=12 (full 2):
 PSYoungGen      total 178688K, used 14831K [0x00000000eab00000, 0x00000000f7800000, 0x0000000100000000)
  eden space 163840K, 0% used [0x00000000eab00000,0x00000000eab00000,0x00000000f4b00000)
  from space 14848K, 99% used [0x00000000f5f80000,0x00000000f6dfbfd8,0x00000000f6e00000)
  to   space 20992K, 0% used [0x00000000f4b00000,0x00000000f4b00000,0x00000000f5f80000)
 ParOldGen       total 100864K, used 30566K [0x00000000c0000000, 0x00000000c6280000, 0x00000000eab00000)
  object space 100864K, 30% used [0x00000000c0000000,0x00000000c1dd9aa8,0x00000000c6280000)
 Metaspace       used 47768K, capacity 48632K, committed 48896K, reserved 1091584K
  class space    used 6602K, capacity 6871K, committed 6912K, reserved 1048576K
}

